Performing C SOURCE FILE Test check_c_compiler_flag__march_merom failed with the following output:
Change Dir: /home/yuancaimaiyi/文档/openMVG/src/build/CMakeFiles/CMakeTmp

Run Build Command(s):/usr/bin/make cmTC_5b6c6/fast && /usr/bin/make -f CMakeFiles/cmTC_5b6c6.dir/build.make CMakeFiles/cmTC_5b6c6.dir/build
make[1]: 进入目录“/home/yuancaimaiyi/文档/openMVG/src/build/CMakeFiles/CMakeTmp”
Building C object CMakeFiles/cmTC_5b6c6.dir/src.c.o
/usr/bin/cc   -Dcheck_c_compiler_flag__march_merom   -march=merom -o CMakeFiles/cmTC_5b6c6.dir/src.c.o   -c /home/yuancaimaiyi/文档/openMVG/src/build/CMakeFiles/CMakeTmp/src.c
cc1: error: bad value (‘merom’) for ‘-march=’ switch
cc1: note: valid arguments to ‘-march=’ switch are: nocona core2 nehalem corei7 westmere sandybridge corei7-avx ivybridge core-avx-i haswell core-avx2 broadwell skylake skylake-avx512 cannonlake icelake-client icelake-server cascadelake tigerlake bonnell atom silvermont slm goldmont goldmont-plus tremont knl knm x86-64 eden-x2 nano nano-1000 nano-2000 nano-3000 nano-x2 eden-x4 nano-x4 k8 k8-sse3 opteron opteron-sse3 athlon64 athlon64-sse3 athlon-fx amdfam10 barcelona bdver1 bdver2 bdver3 bdver4 znver1 znver2 btver1 btver2 native
make[1]: *** [CMakeFiles/cmTC_5b6c6.dir/build.make:66：CMakeFiles/cmTC_5b6c6.dir/src.c.o] 错误 1
make[1]: 离开目录“/home/yuancaimaiyi/文档/openMVG/src/build/CMakeFiles/CMakeTmp”
make: *** [Makefile:121：cmTC_5b6c6/fast] 错误 2


Source file was:
int main() { return 0;}
Performing C++ SOURCE FILE Test check_cxx_compiler_flag__march_merom failed with the following output:
Change Dir: /home/yuancaimaiyi/文档/openMVG/src/build/CMakeFiles/CMakeTmp

Run Build Command(s):/usr/bin/make cmTC_bd6a6/fast && /usr/bin/make -f CMakeFiles/cmTC_bd6a6.dir/build.make CMakeFiles/cmTC_bd6a6.dir/build
make[1]: 进入目录“/home/yuancaimaiyi/文档/openMVG/src/build/CMakeFiles/CMakeTmp”
Building CXX object CMakeFiles/cmTC_bd6a6.dir/src.cxx.o
/usr/bin/c++    -Dcheck_cxx_compiler_flag__march_merom   -march=merom -o CMakeFiles/cmTC_bd6a6.dir/src.cxx.o -c /home/yuancaimaiyi/文档/openMVG/src/build/CMakeFiles/CMakeTmp/src.cxx
cc1plus: error: bad value (‘merom’) for ‘-march=’ switch
cc1plus: note: valid arguments to ‘-march=’ switch are: nocona core2 nehalem corei7 westmere sandybridge corei7-avx ivybridge core-avx-i haswell core-avx2 broadwell skylake skylake-avx512 cannonlake icelake-client icelake-server cascadelake tigerlake bonnell atom silvermont slm goldmont goldmont-plus tremont knl knm x86-64 eden-x2 nano nano-1000 nano-2000 nano-3000 nano-x2 eden-x4 nano-x4 k8 k8-sse3 opteron opteron-sse3 athlon64 athlon64-sse3 athlon-fx amdfam10 barcelona bdver1 bdver2 bdver3 bdver4 znver1 znver2 btver1 btver2 native
make[1]: *** [CMakeFiles/cmTC_bd6a6.dir/build.make:66：CMakeFiles/cmTC_bd6a6.dir/src.cxx.o] 错误 1
make[1]: 离开目录“/home/yuancaimaiyi/文档/openMVG/src/build/CMakeFiles/CMakeTmp”
make: *** [Makefile:121：cmTC_bd6a6/fast] 错误 2


Source file was:
int main() { return 0;}
Performing C SOURCE FILE Test CMAKE_HAVE_LIBC_PTHREAD failed with the following output:
Change Dir: /home/yuancaimaiyi/文档/openMVG/src/build/CMakeFiles/CMakeTmp

Run Build Command(s):/usr/bin/make cmTC_4e0ad/fast && /usr/bin/make -f CMakeFiles/cmTC_4e0ad.dir/build.make CMakeFiles/cmTC_4e0ad.dir/build
make[1]: 进入目录“/home/yuancaimaiyi/文档/openMVG/src/build/CMakeFiles/CMakeTmp”
Building C object CMakeFiles/cmTC_4e0ad.dir/src.c.o
/usr/bin/cc   -march=core2 -msse2 -msse3 -mssse3 -mno-sse4.1 -mno-sse4.2 -mno-sse4a -mno-avx -mno-fma -mno-bmi2 -mno-avx2 -mno-xop -mno-fma4 -mno-avx512f -mno-avx512vl -mno-avx512pf -mno-avx512er -mno-avx512cd -mno-avx512dq -mno-avx512bw -mno-avx512ifma -mno-avx512vbmi -DCMAKE_HAVE_LIBC_PTHREAD   -o CMakeFiles/cmTC_4e0ad.dir/src.c.o   -c /home/yuancaimaiyi/文档/openMVG/src/build/CMakeFiles/CMakeTmp/src.c
Linking C executable cmTC_4e0ad
/usr/bin/cmake -E cmake_link_script CMakeFiles/cmTC_4e0ad.dir/link.txt --verbose=1
/usr/bin/cc  -march=core2 -msse2 -msse3 -mssse3 -mno-sse4.1 -mno-sse4.2 -mno-sse4a -mno-avx -mno-fma -mno-bmi2 -mno-avx2 -mno-xop -mno-fma4 -mno-avx512f -mno-avx512vl -mno-avx512pf -mno-avx512er -mno-avx512cd -mno-avx512dq -mno-avx512bw -mno-avx512ifma -mno-avx512vbmi -DCMAKE_HAVE_LIBC_PTHREAD    CMakeFiles/cmTC_4e0ad.dir/src.c.o  -o cmTC_4e0ad 
/usr/bin/ld: CMakeFiles/cmTC_4e0ad.dir/src.c.o: in function `main':
src.c:(.text+0x46): undefined reference to `pthread_create'
/usr/bin/ld: src.c:(.text+0x52): undefined reference to `pthread_detach'
/usr/bin/ld: src.c:(.text+0x63): undefined reference to `pthread_join'
collect2: error: ld returned 1 exit status
make[1]: *** [CMakeFiles/cmTC_4e0ad.dir/build.make:87：cmTC_4e0ad] 错误 1
make[1]: 离开目录“/home/yuancaimaiyi/文档/openMVG/src/build/CMakeFiles/CMakeTmp”
make: *** [Makefile:121：cmTC_4e0ad/fast] 错误 2


Source file was:
#include <pthread.h>

void* test_func(void* data)
{
  return data;
}

int main(void)
{
  pthread_t thread;
  pthread_create(&thread, NULL, test_func, NULL);
  pthread_detach(thread);
  pthread_join(thread, NULL);
  pthread_atfork(NULL, NULL, NULL);
  pthread_exit(NULL);

  return 0;
}

